0 info it worked if it ends with ok
1 verbose cli [ 'node', '/usr/local/bin/npm', 'install', 'bless', '-g' ]
2 info using npm@1.4.28
3 info using node@v0.10.33
4 verbose cache add [ 'bless', null ]
5 verbose cache add name=undefined spec="bless" args=["bless",null]
6 verbose parsed url { protocol: null,
6 verbose parsed url   slashes: null,
6 verbose parsed url   auth: null,
6 verbose parsed url   host: null,
6 verbose parsed url   port: null,
6 verbose parsed url   hostname: null,
6 verbose parsed url   hash: null,
6 verbose parsed url   search: null,
6 verbose parsed url   query: null,
6 verbose parsed url   pathname: 'bless',
6 verbose parsed url   path: 'bless',
6 verbose parsed url   href: 'bless' }
7 silly lockFile 710f4beb-bless bless
8 verbose lock bless /Users/jack/.npm/710f4beb-bless.lock
9 silly lockFile 710f4beb-bless bless
10 silly lockFile 710f4beb-bless bless
11 verbose addNamed [ 'bless', '' ]
12 verbose addNamed [ null, '*' ]
13 silly lockFile 8361129e-bless bless@
14 verbose lock bless@ /Users/jack/.npm/8361129e-bless.lock
15 silly addNameRange { name: 'bless', range: '*', hasData: false }
16 verbose request where is /bless
17 verbose request registry https://registry.npmjs.org/
18 verbose request id 19f7b7f0de8586fd
19 verbose url raw /bless
20 verbose url resolving [ 'https://registry.npmjs.org/', './bless' ]
21 verbose url resolved https://registry.npmjs.org/bless
22 verbose request where is https://registry.npmjs.org/bless
23 info trying registry request attempt 1 at 10:07:30
24 http GET https://registry.npmjs.org/bless
25 http 200 https://registry.npmjs.org/bless
26 silly registry.get cb [ 200,
26 silly registry.get   { date: 'Wed, 12 Nov 2014 23:07:31 GMT',
26 silly registry.get     server: 'CouchDB/1.5.0 (Erlang OTP/R16B03)',
26 silly registry.get     etag: '"7EWSMVD3S52RD7GMDNUTKNWL0"',
26 silly registry.get     'content-type': 'application/json',
26 silly registry.get     'cache-control': 'max-age=60',
26 silly registry.get     'content-length': '19400',
26 silly registry.get     'accept-ranges': 'bytes',
26 silly registry.get     via: '1.1 varnish',
26 silly registry.get     age: '0',
26 silly registry.get     'x-served-by': 'cache-syd1620-SYD',
26 silly registry.get     'x-cache': 'MISS',
26 silly registry.get     'x-cache-hits': '0',
26 silly registry.get     'x-timer': 'S1415833650.641334,VS0,VE372',
26 silly registry.get     vary: 'Accept',
26 silly registry.get     'keep-alive': 'timeout=10, max=50',
26 silly registry.get     connection: 'Keep-Alive' } ]
27 silly addNameRange number 2 { name: 'bless', range: '*', hasData: true }
28 silly addNameRange versions [ 'bless',
28 silly addNameRange   [ '1.0.0',
28 silly addNameRange     '1.0.1',
28 silly addNameRange     '1.0.2',
28 silly addNameRange     '1.0.3',
28 silly addNameRange     '1.0.4',
28 silly addNameRange     '1.0.5',
28 silly addNameRange     '1.1.0',
28 silly addNameRange     '1.1.1',
28 silly addNameRange     '1.1.2',
28 silly addNameRange     '2.0.0',
28 silly addNameRange     '2.0.1',
28 silly addNameRange     '2.0.2',
28 silly addNameRange     '2.1.0',
28 silly addNameRange     '2.2.0',
28 silly addNameRange     '2.2.1',
28 silly addNameRange     '2.2.2',
28 silly addNameRange     '3.0.0',
28 silly addNameRange     '3.0.1',
28 silly addNameRange     '3.0.2',
28 silly addNameRange     '3.0.3' ] ]
29 verbose addNamed [ 'bless', '3.0.3' ]
30 verbose addNamed [ '3.0.3', '3.0.3' ]
31 silly lockFile ccf77422-bless-3-0-3 bless@3.0.3
32 verbose lock bless@3.0.3 /Users/jack/.npm/ccf77422-bless-3-0-3.lock
33 silly lockFile 7cc88aeb--npmjs-org-bless-bless-3-0-3-tgz https://registry.npmjs.org/bless/-/bless-3.0.3.tgz
34 verbose lock https://registry.npmjs.org/bless/-/bless-3.0.3.tgz /Users/jack/.npm/7cc88aeb--npmjs-org-bless-bless-3-0-3-tgz.lock
35 verbose addRemoteTarball [ 'https://registry.npmjs.org/bless/-/bless-3.0.3.tgz',
35 verbose addRemoteTarball   '65e736362c91b00821809ef4bc8567b9d976eaa6' ]
36 info retry fetch attempt 1 at 10:07:31
37 verbose fetch to= /var/folders/zk/pbrtfx954xldrs8d766rwdmw0000gn/T/npm-66499-527ulfO7/registry.npmjs.org/bless/-/bless-3.0.3.tgz
38 http GET https://registry.npmjs.org/bless/-/bless-3.0.3.tgz
39 http 200 https://registry.npmjs.org/bless/-/bless-3.0.3.tgz
40 silly lockFile 7cc88aeb--npmjs-org-bless-bless-3-0-3-tgz https://registry.npmjs.org/bless/-/bless-3.0.3.tgz
41 silly lockFile 7cc88aeb--npmjs-org-bless-bless-3-0-3-tgz https://registry.npmjs.org/bless/-/bless-3.0.3.tgz
42 silly lockFile ccf77422-bless-3-0-3 bless@3.0.3
43 silly lockFile ccf77422-bless-3-0-3 bless@3.0.3
44 silly lockFile 8361129e-bless bless@
45 silly lockFile 8361129e-bless bless@
46 silly resolved [ { name: 'bless',
46 silly resolved     description: 'CSS Post-Processor',
46 silly resolved     url: 'http://blesscss.com',
46 silly resolved     keywords: [ 'css', 'parser', 'bless', 'less', 'sass', 'stylus' ],
46 silly resolved     author: { name: 'Paul Young', email: 'paulyoungonline+bless@gmail.com' },
46 silly resolved     contributors: [],
46 silly resolved     version: '3.0.3',
46 silly resolved     bin: { blessc: './bin/blessc' },
46 silly resolved     main: './lib/bless/index',
46 silly resolved     directories: { test: './test' },
46 silly resolved     engines: { node: '>=0.6.0' },
46 silly resolved     devDependencies: { vows: '~0.6.2' },
46 silly resolved     readme: '***\nSee the [4.0.0-development branch](https://github.com/paulyoung/bless.js/tree/4.0.0-development) for\nprogress on the new version.\n***\n\nbless.js [![Stories in Ready](https://badge.waffle.io/paulyoung/bless.js.png)](http://waffle.io/paulyoung/bless.js)\n=======\n\n<http://blesscss.com>\n\nabout\n-----\n\nFor more information, visit <http://blesscss.com>.\n\nlicense\n-------\n\nSee `LICENSE` file.\n\n> Copyright (c) 2011 Paul Young\n',
46 silly resolved     readmeFilename: 'README.md',
46 silly resolved     _id: 'bless@3.0.3',
46 silly resolved     dist:
46 silly resolved      { shasum: '65e736362c91b00821809ef4bc8567b9d976eaa6',
46 silly resolved        tarball: 'http://registry.npmjs.org/bless/-/bless-3.0.3.tgz' },
46 silly resolved     _from: 'bless@',
46 silly resolved     _npmVersion: '1.3.2',
46 silly resolved     _npmUser: { name: 'paulyoung', email: 'paulyoungonline@gmail.com' },
46 silly resolved     maintainers: [ [Object] ],
46 silly resolved     _shasum: '65e736362c91b00821809ef4bc8567b9d976eaa6',
46 silly resolved     _resolved: 'https://registry.npmjs.org/bless/-/bless-3.0.3.tgz' } ]
47 info install bless@3.0.3 into /usr/local/lib
48 info installOne bless@3.0.3
49 verbose lib/node_modules/bless unbuild
50 verbose tar unpack /Users/jack/.npm/bless/3.0.3/package.tgz
51 silly lockFile 043e0972-usr-local-lib-node-modules-bless tar:///usr/local/lib/node_modules/bless
52 verbose lock tar:///usr/local/lib/node_modules/bless /Users/jack/.npm/043e0972-usr-local-lib-node-modules-bless.lock
53 silly lockFile 39a49d8d-jack-npm-bless-3-0-3-package-tgz tar:///Users/jack/.npm/bless/3.0.3/package.tgz
54 verbose lock tar:///Users/jack/.npm/bless/3.0.3/package.tgz /Users/jack/.npm/39a49d8d-jack-npm-bless-3-0-3-package-tgz.lock
55 silly gunzTarPerm modes [ '755', '644' ]
56 error Error: EACCES, mkdir '/usr/local/lib/node_modules/bless'
56 error  { [Error: EACCES, mkdir '/usr/local/lib/node_modules/bless']
56 error   errno: 3,
56 error   code: 'EACCES',
56 error   path: '/usr/local/lib/node_modules/bless',
56 error   fstream_type: 'Directory',
56 error   fstream_path: '/usr/local/lib/node_modules/bless',
56 error   fstream_class: 'DirWriter',
56 error   fstream_stack:
56 error    [ '/usr/local/lib/node_modules/npm/node_modules/fstream/lib/dir-writer.js:36:23',
56 error      '/usr/local/lib/node_modules/npm/node_modules/mkdirp/index.js:46:53',
56 error      'Object.oncomplete (fs.js:107:15)' ] }
57 error Please try running this command again as root/Administrator.
58 error System Darwin 14.0.0
59 error command "node" "/usr/local/bin/npm" "install" "bless" "-g"
60 error cwd /Users/jack/Documents/repos/jackcdt.github.io
61 error node -v v0.10.33
62 error npm -v 1.4.28
63 error path /usr/local/lib/node_modules/bless
64 error fstream_path /usr/local/lib/node_modules/bless
65 error fstream_type Directory
66 error fstream_class DirWriter
67 error code EACCES
68 error errno 3
69 error stack Error: EACCES, mkdir '/usr/local/lib/node_modules/bless'
70 error fstream_stack /usr/local/lib/node_modules/npm/node_modules/fstream/lib/dir-writer.js:36:23
70 error fstream_stack /usr/local/lib/node_modules/npm/node_modules/mkdirp/index.js:46:53
70 error fstream_stack Object.oncomplete (fs.js:107:15)
71 verbose exit [ 3, true ]
